Performing C SOURCE FILE Test CMAKE_HAVE_LIBC_PTHREAD failed with the following output:
Change Dir: /media/ahmedmoamen/01D61DA8A11BE740/Project/Sensor-Fusion-Nanodegree/Lidar_Obstacle_Detection/src/quiz/ransac/debug/CMakeFiles/CMakeTmp

Run Build Command(s):/usr/bin/make cmTC_b6573/fast && /usr/bin/make  -f CMakeFiles/cmTC_b6573.dir/build.make CMakeFiles/cmTC_b6573.dir/build
make[1]: Entering directory '/media/ahmedmoamen/01D61DA8A11BE740/Project/Sensor-Fusion-Nanodegree/Lidar_Obstacle_Detection/src/quiz/ransac/debug/CMakeFiles/CMakeTmp'
Building C object CMakeFiles/cmTC_b6573.dir/src.c.o
/usr/bin/cc   -DCMAKE_HAVE_LIBC_PTHREAD -o CMakeFiles/cmTC_b6573.dir/src.c.o -c /media/ahmedmoamen/01D61DA8A11BE740/Project/Sensor-Fusion-Nanodegree/Lidar_Obstacle_Detection/src/quiz/ransac/debug/CMakeFiles/CMakeTmp/src.c
Linking C executable cmTC_b6573
/home/ahmedmoamen/Qt/Tools/CMake/bin/cmake -E cmake_link_script CMakeFiles/cmTC_b6573.dir/link.txt --verbose=1
/usr/bin/cc  -DCMAKE_HAVE_LIBC_PTHREAD -rdynamic CMakeFiles/cmTC_b6573.dir/src.c.o -o cmTC_b6573 
CMakeFiles/cmTC_b6573.dir/src.c.o: In function `main':
src.c:(.text+0x3e): undefined reference to `pthread_create'
src.c:(.text+0x4a): undefined reference to `pthread_detach'
src.c:(.text+0x56): undefined reference to `pthread_cancel'
src.c:(.text+0x67): undefined reference to `pthread_join'
src.c:(.text+0x7b): undefined reference to `pthread_atfork'
collect2: error: ld returned 1 exit status
CMakeFiles/cmTC_b6573.dir/build.make:105: recipe for target 'cmTC_b6573' failed
make[1]: *** [cmTC_b6573] Error 1
make[1]: Leaving directory '/media/ahmedmoamen/01D61DA8A11BE740/Project/Sensor-Fusion-Nanodegree/Lidar_Obstacle_Detection/src/quiz/ransac/debug/CMakeFiles/CMakeTmp'
Makefile:140: recipe for target 'cmTC_b6573/fast' failed
make: *** [cmTC_b6573/fast] Error 2


Source file was:
#include <pthread.h>

void* test_func(void* data)
{
  return data;
}

int main(void)
{
  pthread_t thread;
  pthread_create(&thread, NULL, test_func, NULL);
  pthread_detach(thread);
  pthread_cancel(thread);
  pthread_join(thread, NULL);
  pthread_atfork(NULL, NULL, NULL);
  pthread_exit(NULL);

  return 0;
}

Determining if the function pthread_create exists in the pthreads failed with the following output:
Change Dir: /media/ahmedmoamen/01D61DA8A11BE740/Project/Sensor-Fusion-Nanodegree/Lidar_Obstacle_Detection/src/quiz/ransac/debug/CMakeFiles/CMakeTmp

Run Build Command(s):/usr/bin/make cmTC_ac192/fast && /usr/bin/make  -f CMakeFiles/cmTC_ac192.dir/build.make CMakeFiles/cmTC_ac192.dir/build
make[1]: Entering directory '/media/ahmedmoamen/01D61DA8A11BE740/Project/Sensor-Fusion-Nanodegree/Lidar_Obstacle_Detection/src/quiz/ransac/debug/CMakeFiles/CMakeTmp'
Building C object CMakeFiles/cmTC_ac192.dir/CheckFunctionExists.c.o
/usr/bin/cc   -DCHECK_FUNCTION_EXISTS=pthread_create -o CMakeFiles/cmTC_ac192.dir/CheckFunctionExists.c.o -c /home/ahmedmoamen/Qt/Tools/CMake/share/cmake-3.18/Modules/CheckFunctionExists.c
Linking C executable cmTC_ac192
/home/ahmedmoamen/Qt/Tools/CMake/bin/cmake -E cmake_link_script CMakeFiles/cmTC_ac192.dir/link.txt --verbose=1
/usr/bin/cc  -DCHECK_FUNCTION_EXISTS=pthread_create -rdynamic CMakeFiles/cmTC_ac192.dir/CheckFunctionExists.c.o -o cmTC_ac192  -lpthreads 
/usr/bin/ld: cannot find -lpthreads
collect2: error: ld returned 1 exit status
CMakeFiles/cmTC_ac192.dir/build.make:105: recipe for target 'cmTC_ac192' failed
make[1]: *** [cmTC_ac192] Error 1
make[1]: Leaving directory '/media/ahmedmoamen/01D61DA8A11BE740/Project/Sensor-Fusion-Nanodegree/Lidar_Obstacle_Detection/src/quiz/ransac/debug/CMakeFiles/CMakeTmp'
Makefile:140: recipe for target 'cmTC_ac192/fast' failed
make: *** [cmTC_ac192/fast] Error 2



